<?xml version="1.0" encoding="UTF-8"?>
<!-- Generated by org.testng.reporters.JUnitXMLReporter -->
<testsuite hostname="mlinpu1502-0035.springernature.com" failures="0" tests="14" name="Surefire test" time="85.577" errors="0" timestamp="12 Jun 2019 10:09:08 GMT">
  <testcase classname="com.openweathermap.testcases.HomePageTest" name="Mapsclick" time="2.209"/>
  <testcase classname="com.openweathermap.testcases.HomePageTest" name="api" time="0.983"/>
  <testcase classname="com.openweathermap.testcases.HomePageTest" name="blog" time="0.084"/>
  <testcase classname="com.openweathermap.testcases.HomePageTest" name="guide" time="0.958"/>
  <testcase classname="com.openweathermap.testcases.HomePageTest" name="partners" time="3.34"/>
  <testcase classname="com.openweathermap.testcases.HomePageTest" name="price" time="2.629"/>
  <testcase classname="com.openweathermap.testcases.HomePageTest" name="stations" time="3.04"/>
  <testcase classname="com.openweathermap.testcases.HomePageTest" name="weatherClick" time="0.893"/>
  <testcase classname="com.openweathermap.testcases.HomePageTest" name="widget" time="3.886"/>
  <testcase classname="com.openweathermap.testcases.HomePageTest" name="homepageTitleTest" time="0.018"/>
  <testcase classname="com.openweathermap.testcases.HomePageTest" name="homepagelogoTest" time="0.03"/>
  <testcase classname="com.openweathermap.testcases.HomePageTest" name="searchclick" time="0.064"/>
  <testcase classname="com.openweathermap.testcases.HomePageTest" name="signinclicklink" time="1.8"/>
  <testcase classname="com.openweathermap.testcases.HomePageTest" name="signupclicklink" time="2.163"/>
</testsuite> <!-- Surefire test -->
