<?xml version="1.0" encoding="UTF-8"?>
<!-- Generated by org.testng.reporters.JUnitXMLReporter -->
<testsuite hostname="MLINPU1502-0035.local" failures="0" tests="14" name="Surefire test" time="108.126" errors="0" timestamp="9 Sep 2019 10:21:31 GMT">
  <testcase classname="com.openweathermap.testcases.HomePageTest" name="Mapsclick" time="2.37"/>
  <testcase classname="com.openweathermap.testcases.HomePageTest" name="api" time="3.784"/>
  <testcase classname="com.openweathermap.testcases.HomePageTest" name="blog" time="0.093"/>
  <testcase classname="com.openweathermap.testcases.HomePageTest" name="guide" time="1.839"/>
  <testcase classname="com.openweathermap.testcases.HomePageTest" name="partners" time="1.979"/>
  <testcase classname="com.openweathermap.testcases.HomePageTest" name="price" time="0.859"/>
  <testcase classname="com.openweathermap.testcases.HomePageTest" name="stations" time="2.408"/>
  <testcase classname="com.openweathermap.testcases.HomePageTest" name="weatherClick" time="2.249"/>
  <testcase classname="com.openweathermap.testcases.HomePageTest" name="widget" time="2.848"/>
  <testcase classname="com.openweathermap.testcases.HomePageTest" name="homepageTitleTest" time="0.047"/>
  <testcase classname="com.openweathermap.testcases.HomePageTest" name="homepagelogoTest" time="0.036"/>
  <testcase classname="com.openweathermap.testcases.HomePageTest" name="searchclick" time="0.305"/>
  <testcase classname="com.openweathermap.testcases.HomePageTest" name="signinclicklink" time="1.755"/>
  <testcase classname="com.openweathermap.testcases.HomePageTest" name="signupclicklink" time="2.311"/>
</testsuite> <!-- Surefire test -->
