<?xml version="1.0" encoding="UTF-8"?>
<!-- Generated by org.testng.reporters.JUnitXMLReporter -->
<testsuite hostname="mlinpu1502-0035.springernature.com" failures="0" tests="14" name="Default test" time="123.334" errors="0" timestamp="6 Mar 2019 06:12:58 GMT">
  <testcase classname="com.openweathermap.testcases.HomePageTest" name="Mapsclick" time="2.214"/>
  <testcase classname="com.openweathermap.testcases.HomePageTest" name="api" time="2.277"/>
  <testcase classname="com.openweathermap.testcases.HomePageTest" name="blog" time="0.142"/>
  <testcase classname="com.openweathermap.testcases.HomePageTest" name="guide" time="2.945"/>
  <testcase classname="com.openweathermap.testcases.HomePageTest" name="homepageTitleTest" time="0.011"/>
  <testcase classname="com.openweathermap.testcases.HomePageTest" name="homepagelogoTest" time="0.028"/>
  <testcase classname="com.openweathermap.testcases.HomePageTest" name="partners" time="3.1"/>
  <testcase classname="com.openweathermap.testcases.HomePageTest" name="price" time="3.103"/>
  <testcase classname="com.openweathermap.testcases.HomePageTest" name="searchclick" time="0.068"/>
  <testcase classname="com.openweathermap.testcases.HomePageTest" name="signinclicklink" time="1.568"/>
  <testcase classname="com.openweathermap.testcases.HomePageTest" name="signupclicklink" time="2.111"/>
  <testcase classname="com.openweathermap.testcases.HomePageTest" name="stations" time="2.814"/>
  <testcase classname="com.openweathermap.testcases.HomePageTest" name="weatherClick" time="0.993"/>
  <testcase classname="com.openweathermap.testcases.HomePageTest" name="widget" time="2.823"/>
</testsuite> <!-- Default test -->
