<?xml version="1.0" encoding="UTF-8"?>
<!-- Generated by org.testng.reporters.JUnitXMLReporter -->
<testsuite hostname="mlinpu1502-0035.springernature.com" failures="0" tests="16" name="Command line test" time="155.975" errors="0" timestamp="12 Jun 2019 09:39:38 GMT">
  <testcase classname="com.openweathermap.testcases.HomePageTest" name="Mapsclick" time="2.185"/>
  <testcase classname="com.openweathermap.testcases.HomePageTest" name="api" time="3.613"/>
  <testcase classname="com.openweathermap.testcases.HomePageTest" name="blog" time="0.355"/>
  <testcase classname="com.openweathermap.testcases.HomePageTest" name="guide" time="2.691"/>
  <testcase classname="com.openweathermap.testcases.HomePageTest" name="homepageTitleTest" time="0.016"/>
  <testcase classname="com.openweathermap.testcases.HomePageTest" name="homepagelogoTest" time="0.032"/>
  <testcase classname="com.openweathermap.testcases.HomePageTest" name="partners" time="4.189"/>
  <testcase classname="com.openweathermap.testcases.HomePageTest" name="price" time="2.52"/>
  <testcase classname="com.openweathermap.testcases.HomePageTest" name="searchclick" time="0.221"/>
  <testcase classname="com.openweathermap.testcases.HomePageTest" name="signinclicklink" time="1.696"/>
  <testcase classname="com.openweathermap.testcases.HomePageTest" name="signupclicklink" time="2.223"/>
  <testcase classname="com.openweathermap.testcases.HomePageTest" name="stations" time="0.863"/>
  <testcase classname="com.openweathermap.testcases.HomePageTest" name="weatherClick" time="1.04"/>
  <testcase classname="com.openweathermap.testcases.HomePageTest" name="widget" time="4.074"/>
  <testcase classname="com.openweathermap.testcases.SearchTest" name="entercityname" time="2.182"/>
  <testcase classname="com.openweathermap.testcases.SearchTest" name="invalidcitysearch" time="2.97"/>
</testsuite> <!-- Command line test -->
