<?xml version="1.0" encoding="UTF-8" ?>
<testsuite tests="16" failures="0" name="TestSuite" time="30.868" errors="0" skipped="0">
  <properties>
[...]
</properties>
  <testcase classname="com.openweathermap.testcases.HomePageTest" name="Mapsclick" time="2.186"/>
  <testcase classname="com.openweathermap.testcases.HomePageTest" name="api" time="3.613"/>
  <testcase classname="com.openweathermap.testcases.HomePageTest" name="blog" time="0.354"/>
  <testcase classname="com.openweathermap.testcases.HomePageTest" name="guide" time="2.692"/>
  <testcase classname="com.openweathermap.testcases.HomePageTest" name="homepageTitleTest" time="0.016"/>
  <testcase classname="com.openweathermap.testcases.HomePageTest" name="homepagelogoTest" time="0.032"/>
  <testcase classname="com.openweathermap.testcases.HomePageTest" name="partners" time="4.189"/>
  <testcase classname="com.openweathermap.testcases.HomePageTest" name="price" time="2.52"/>
  <testcase classname="com.openweathermap.testcases.HomePageTest" name="searchclick" time="0.22"/>
  <testcase classname="com.openweathermap.testcases.HomePageTest" name="signinclicklink" time="1.696"/>
  <testcase classname="com.openweathermap.testcases.HomePageTest" name="signupclicklink" time="2.224"/>
  <testcase classname="com.openweathermap.testcases.HomePageTest" name="stations" time="0.863"/>
  <testcase classname="com.openweathermap.testcases.HomePageTest" name="weatherClick" time="1.039"/>
  <testcase classname="com.openweathermap.testcases.HomePageTest" name="widget" time="4.073"/>
  <testcase classname="com.openweathermap.testcases.SearchTest" name="entercityname" time="2.182"/>
  <testcase classname="com.openweathermap.testcases.SearchTest" name="invalidcitysearch" time="2.969"/>
</testsuite>