<?xml version="1.0" encoding="UTF-8"?>
<testng-results total="14" passed="14" failed="0" skipped="0">
  <reporter-output>
  </reporter-output>
  <suite started-at="2019-09-09T10:19:43Z" name="Surefire suite" finished-at="2019-09-09T10:21:31Z" duration-ms="108126">
    <groups>
    </groups>
    <test started-at="2019-09-09T10:19:43Z" name="Surefire test" finished-at="2019-09-09T10:21:31Z" duration-ms="108126">
      <class name="com.openweathermap.testcases.HomePageTest">
        <test-method is-config="true" signature="setup()[pri:0, instance:com.openweathermap.testcases.HomePageTest@1e411d81]" started-at="2019-09-09T15:49:43Z" name="setup" finished-at="2019-09-09T15:49:51Z" duration-ms="7280" status="PASS">
          <reporter-output>
          </reporter-output>
        </test-method> <!-- setup -->
        <test-method signature="Mapsclick()[pri:0, instance:com.openweathermap.testcases.HomePageTest@1e411d81]" started-at="2019-09-09T15:49:51Z" name="Mapsclick" finished-at="2019-09-09T15:49:53Z" duration-ms="2370" status="PASS">
          <reporter-output>
          </reporter-output>
        </test-method> <!-- Mapsclick -->
        <test-method is-config="true" signature="tearDown()[pri:0, instance:com.openweathermap.testcases.HomePageTest@1e411d81]" started-at="2019-09-09T15:49:53Z" name="tearDown" finished-at="2019-09-09T15:49:53Z" duration-ms="73" status="PASS">
          <reporter-output>
          </reporter-output>
        </test-method> <!-- tearDown -->
        <test-method is-config="true" signature="setup()[pri:0, instance:com.openweathermap.testcases.HomePageTest@1e411d81]" started-at="2019-09-09T15:49:53Z" name="setup" finished-at="2019-09-09T15:49:58Z" duration-ms="4679" status="PASS">
          <reporter-output>
          </reporter-output>
        </test-method> <!-- setup -->
        <test-method signature="api()[pri:0, instance:com.openweathermap.testcases.HomePageTest@1e411d81]" started-at="2019-09-09T15:49:58Z" name="api" finished-at="2019-09-09T15:50:01Z" duration-ms="3784" status="PASS">
          <reporter-output>
          </reporter-output>
        </test-method> <!-- api -->
        <test-method is-config="true" signature="tearDown()[pri:0, instance:com.openweathermap.testcases.HomePageTest@1e411d81]" started-at="2019-09-09T15:50:01Z" name="tearDown" finished-at="2019-09-09T15:50:02Z" duration-ms="70" status="PASS">
          <reporter-output>
          </reporter-output>
        </test-method> <!-- tearDown -->
        <test-method is-config="true" signature="setup()[pri:0, instance:com.openweathermap.testcases.HomePageTest@1e411d81]" started-at="2019-09-09T15:50:02Z" name="setup" finished-at="2019-09-09T15:50:06Z" duration-ms="4590" status="PASS">
          <reporter-output>
          </reporter-output>
        </test-method> <!-- setup -->
        <test-method signature="blog()[pri:0, instance:com.openweathermap.testcases.HomePageTest@1e411d81]" started-at="2019-09-09T15:50:06Z" name="blog" finished-at="2019-09-09T15:50:06Z" duration-ms="93" status="PASS">
          <reporter-output>
          </reporter-output>
        </test-method> <!-- blog -->
        <test-method is-config="true" signature="tearDown()[pri:0, instance:com.openweathermap.testcases.HomePageTest@1e411d81]" started-at="2019-09-09T15:50:06Z" name="tearDown" finished-at="2019-09-09T15:50:06Z" duration-ms="69" status="PASS">
          <reporter-output>
          </reporter-output>
        </test-method> <!-- tearDown -->
        <test-method is-config="true" signature="setup()[pri:0, instance:com.openweathermap.testcases.HomePageTest@1e411d81]" started-at="2019-09-09T15:50:06Z" name="setup" finished-at="2019-09-09T15:50:12Z" duration-ms="5629" status="PASS">
          <reporter-output>
          </reporter-output>
        </test-method> <!-- setup -->
        <test-method signature="guide()[pri:0, instance:com.openweathermap.testcases.HomePageTest@1e411d81]" started-at="2019-09-09T15:50:12Z" name="guide" finished-at="2019-09-09T15:50:14Z" duration-ms="1839" status="PASS">
          <reporter-output>
          </reporter-output>
        </test-method> <!-- guide -->
        <test-method is-config="true" signature="tearDown()[pri:0, instance:com.openweathermap.testcases.HomePageTest@1e411d81]" started-at="2019-09-09T15:50:14Z" name="tearDown" finished-at="2019-09-09T15:50:14Z" duration-ms="133" status="PASS">
          <reporter-output>
          </reporter-output>
        </test-method> <!-- tearDown -->
        <test-method is-config="true" signature="setup()[pri:0, instance:com.openweathermap.testcases.HomePageTest@1e411d81]" started-at="2019-09-09T15:50:14Z" name="setup" finished-at="2019-09-09T15:50:20Z" duration-ms="5707" status="PASS">
          <reporter-output>
          </reporter-output>
        </test-method> <!-- setup -->
        <test-method signature="partners()[pri:0, instance:com.openweathermap.testcases.HomePageTest@1e411d81]" started-at="2019-09-09T15:50:20Z" name="partners" finished-at="2019-09-09T15:50:22Z" duration-ms="1979" status="PASS">
          <reporter-output>
          </reporter-output>
        </test-method> <!-- partners -->
        <test-method is-config="true" signature="tearDown()[pri:0, instance:com.openweathermap.testcases.HomePageTest@1e411d81]" started-at="2019-09-09T15:50:22Z" name="tearDown" finished-at="2019-09-09T15:50:22Z" duration-ms="71" status="PASS">
          <reporter-output>
          </reporter-output>
        </test-method> <!-- tearDown -->
        <test-method is-config="true" signature="setup()[pri:0, instance:com.openweathermap.testcases.HomePageTest@1e411d81]" started-at="2019-09-09T15:50:22Z" name="setup" finished-at="2019-09-09T15:50:28Z" duration-ms="6512" status="PASS">
          <reporter-output>
          </reporter-output>
        </test-method> <!-- setup -->
        <test-method signature="price()[pri:0, instance:com.openweathermap.testcases.HomePageTest@1e411d81]" started-at="2019-09-09T15:50:28Z" name="price" finished-at="2019-09-09T15:50:29Z" duration-ms="859" status="PASS">
          <reporter-output>
          </reporter-output>
        </test-method> <!-- price -->
        <test-method is-config="true" signature="tearDown()[pri:0, instance:com.openweathermap.testcases.HomePageTest@1e411d81]" started-at="2019-09-09T15:50:29Z" name="tearDown" finished-at="2019-09-09T15:50:29Z" duration-ms="70" status="PASS">
          <reporter-output>
          </reporter-output>
        </test-method> <!-- tearDown -->
        <test-method is-config="true" signature="setup()[pri:0, instance:com.openweathermap.testcases.HomePageTest@1e411d81]" started-at="2019-09-09T15:50:29Z" name="setup" finished-at="2019-09-09T15:50:35Z" duration-ms="6324" status="PASS">
          <reporter-output>
          </reporter-output>
        </test-method> <!-- setup -->
        <test-method signature="stations()[pri:0, instance:com.openweathermap.testcases.HomePageTest@1e411d81]" started-at="2019-09-09T15:50:35Z" name="stations" finished-at="2019-09-09T15:50:38Z" duration-ms="2408" status="PASS">
          <reporter-output>
          </reporter-output>
        </test-method> <!-- stations -->
        <test-method is-config="true" signature="tearDown()[pri:0, instance:com.openweathermap.testcases.HomePageTest@1e411d81]" started-at="2019-09-09T15:50:38Z" name="tearDown" finished-at="2019-09-09T15:50:38Z" duration-ms="69" status="PASS">
          <reporter-output>
          </reporter-output>
        </test-method> <!-- tearDown -->
        <test-method is-config="true" signature="setup()[pri:0, instance:com.openweathermap.testcases.HomePageTest@1e411d81]" started-at="2019-09-09T15:50:38Z" name="setup" finished-at="2019-09-09T15:50:44Z" duration-ms="5877" status="PASS">
          <reporter-output>
          </reporter-output>
        </test-method> <!-- setup -->
        <test-method signature="weatherClick()[pri:0, instance:com.openweathermap.testcases.HomePageTest@1e411d81]" started-at="2019-09-09T15:50:44Z" name="weatherClick" finished-at="2019-09-09T15:50:46Z" duration-ms="2249" status="PASS">
          <reporter-output>
          </reporter-output>
        </test-method> <!-- weatherClick -->
        <test-method is-config="true" signature="tearDown()[pri:0, instance:com.openweathermap.testcases.HomePageTest@1e411d81]" started-at="2019-09-09T15:50:46Z" name="tearDown" finished-at="2019-09-09T15:50:46Z" duration-ms="110" status="PASS">
          <reporter-output>
          </reporter-output>
        </test-method> <!-- tearDown -->
        <test-method is-config="true" signature="setup()[pri:0, instance:com.openweathermap.testcases.HomePageTest@1e411d81]" started-at="2019-09-09T15:50:46Z" name="setup" finished-at="2019-09-09T15:50:52Z" duration-ms="5689" status="PASS">
          <reporter-output>
          </reporter-output>
        </test-method> <!-- setup -->
        <test-method signature="widget()[pri:0, instance:com.openweathermap.testcases.HomePageTest@1e411d81]" started-at="2019-09-09T15:50:52Z" name="widget" finished-at="2019-09-09T15:50:55Z" duration-ms="2848" status="PASS">
          <reporter-output>
          </reporter-output>
        </test-method> <!-- widget -->
        <test-method is-config="true" signature="tearDown()[pri:0, instance:com.openweathermap.testcases.HomePageTest@1e411d81]" started-at="2019-09-09T15:50:55Z" name="tearDown" finished-at="2019-09-09T15:50:55Z" duration-ms="69" status="PASS">
          <reporter-output>
          </reporter-output>
        </test-method> <!-- tearDown -->
        <test-method is-config="true" signature="setup()[pri:0, instance:com.openweathermap.testcases.HomePageTest@1e411d81]" started-at="2019-09-09T15:50:55Z" name="setup" finished-at="2019-09-09T15:51:01Z" duration-ms="6174" status="PASS">
          <reporter-output>
          </reporter-output>
        </test-method> <!-- setup -->
        <test-method signature="homepageTitleTest()[pri:0, instance:com.openweathermap.testcases.HomePageTest@1e411d81]" started-at="2019-09-09T15:51:01Z" name="homepageTitleTest" description="Verify Title of OpenWeatherMap Site" finished-at="2019-09-09T15:51:01Z" duration-ms="47" status="PASS">
          <reporter-output>
          </reporter-output>
        </test-method> <!-- homepageTitleTest -->
        <test-method is-config="true" signature="tearDown()[pri:0, instance:com.openweathermap.testcases.HomePageTest@1e411d81]" started-at="2019-09-09T15:51:01Z" name="tearDown" finished-at="2019-09-09T15:51:01Z" duration-ms="75" status="PASS">
          <reporter-output>
          </reporter-output>
        </test-method> <!-- tearDown -->
        <test-method is-config="true" signature="setup()[pri:0, instance:com.openweathermap.testcases.HomePageTest@1e411d81]" started-at="2019-09-09T15:51:01Z" name="setup" finished-at="2019-09-09T15:51:09Z" duration-ms="7733" status="PASS">
          <reporter-output>
          </reporter-output>
        </test-method> <!-- setup -->
        <test-method signature="homepagelogoTest()[pri:0, instance:com.openweathermap.testcases.HomePageTest@1e411d81]" started-at="2019-09-09T15:51:09Z" name="homepagelogoTest" description="Verify Website Logo is Correct" finished-at="2019-09-09T15:51:09Z" duration-ms="36" status="PASS">
          <reporter-output>
          </reporter-output>
        </test-method> <!-- homepagelogoTest -->
        <test-method is-config="true" signature="tearDown()[pri:0, instance:com.openweathermap.testcases.HomePageTest@1e411d81]" started-at="2019-09-09T15:51:09Z" name="tearDown" finished-at="2019-09-09T15:51:09Z" duration-ms="69" status="PASS">
          <reporter-output>
          </reporter-output>
        </test-method> <!-- tearDown -->
        <test-method is-config="true" signature="setup()[pri:0, instance:com.openweathermap.testcases.HomePageTest@1e411d81]" started-at="2019-09-09T15:51:09Z" name="setup" finished-at="2019-09-09T15:51:16Z" duration-ms="6796" status="PASS">
          <reporter-output>
          </reporter-output>
        </test-method> <!-- setup -->
        <test-method signature="searchclick()[pri:0, instance:com.openweathermap.testcases.HomePageTest@1e411d81]" started-at="2019-09-09T15:51:16Z" name="searchclick" description="Click on Weather in your City Linkt" finished-at="2019-09-09T15:51:16Z" duration-ms="305" status="PASS">
          <reporter-output>
          </reporter-output>
        </test-method> <!-- searchclick -->
        <test-method is-config="true" signature="tearDown()[pri:0, instance:com.openweathermap.testcases.HomePageTest@1e411d81]" started-at="2019-09-09T15:51:16Z" name="tearDown" finished-at="2019-09-09T15:51:16Z" duration-ms="69" status="PASS">
          <reporter-output>
          </reporter-output>
        </test-method> <!-- tearDown -->
        <test-method is-config="true" signature="setup()[pri:0, instance:com.openweathermap.testcases.HomePageTest@1e411d81]" started-at="2019-09-09T15:51:16Z" name="setup" finished-at="2019-09-09T15:51:22Z" duration-ms="5581" status="PASS">
          <reporter-output>
          </reporter-output>
        </test-method> <!-- setup -->
        <test-method signature="signinclicklink()[pri:0, instance:com.openweathermap.testcases.HomePageTest@1e411d81]" started-at="2019-09-09T15:51:22Z" name="signinclicklink" description="Verify Signin url is returning correct Response" finished-at="2019-09-09T15:51:23Z" duration-ms="1755" status="PASS">
          <reporter-output>
          </reporter-output>
        </test-method> <!-- signinclicklink -->
        <test-method is-config="true" signature="tearDown()[pri:0, instance:com.openweathermap.testcases.HomePageTest@1e411d81]" started-at="2019-09-09T15:51:23Z" name="tearDown" finished-at="2019-09-09T15:51:23Z" duration-ms="72" status="PASS">
          <reporter-output>
          </reporter-output>
        </test-method> <!-- tearDown -->
        <test-method is-config="true" signature="setup()[pri:0, instance:com.openweathermap.testcases.HomePageTest@1e411d81]" started-at="2019-09-09T15:51:23Z" name="setup" finished-at="2019-09-09T15:51:29Z" duration-ms="5522" status="PASS">
          <reporter-output>
          </reporter-output>
        </test-method> <!-- setup -->
        <test-method signature="signupclicklink()[pri:0, instance:com.openweathermap.testcases.HomePageTest@1e411d81]" started-at="2019-09-09T15:51:29Z" name="signupclicklink" description="Verify SignUP url is returning correct Response" finished-at="2019-09-09T15:51:31Z" duration-ms="2311" status="PASS">
          <reporter-output>
          </reporter-output>
        </test-method> <!-- signupclicklink -->
        <test-method is-config="true" signature="tearDown()[pri:0, instance:com.openweathermap.testcases.HomePageTest@1e411d81]" started-at="2019-09-09T15:51:31Z" name="tearDown" finished-at="2019-09-09T15:51:31Z" duration-ms="71" status="PASS">
          <reporter-output>
          </reporter-output>
        </test-method> <!-- tearDown -->
      </class> <!-- com.openweathermap.testcases.HomePageTest -->
    </test> <!-- Surefire test -->
  </suite> <!-- Surefire suite -->
</testng-results>
