<?xml version="1.0" encoding="UTF-8"?>
<!-- Generated by org.testng.reporters.JUnitXMLReporter -->
<testsuite hostname="mlinpu1502-0035.springernature.com" failures="0" tests="14" name="HomePageTest" time="134.361" errors="0" timestamp="6 Mar 2019 06:23:10 GMT">
  <testcase classname="com.openweathermap.testcases.HomePageTest" name="Mapsclick" time="2.205"/>
  <testcase classname="com.openweathermap.testcases.HomePageTest" name="api" time="3.229"/>
  <testcase classname="com.openweathermap.testcases.HomePageTest" name="blog" time="0.152"/>
  <testcase classname="com.openweathermap.testcases.HomePageTest" name="guide" time="1.422"/>
  <testcase classname="com.openweathermap.testcases.HomePageTest" name="homepageTitleTest" time="0.01"/>
  <testcase classname="com.openweathermap.testcases.HomePageTest" name="homepagelogoTest" time="0.036"/>
  <testcase classname="com.openweathermap.testcases.HomePageTest" name="partners" time="3.008"/>
  <testcase classname="com.openweathermap.testcases.HomePageTest" name="price" time="3.023"/>
  <testcase classname="com.openweathermap.testcases.HomePageTest" name="searchclick" time="0.24"/>
  <testcase classname="com.openweathermap.testcases.HomePageTest" name="signinclicklink" time="1.699"/>
  <testcase classname="com.openweathermap.testcases.HomePageTest" name="signupclicklink" time="3.377"/>
  <testcase classname="com.openweathermap.testcases.HomePageTest" name="stations" time="1.453"/>
  <testcase classname="com.openweathermap.testcases.HomePageTest" name="weatherClick" time="1.067"/>
  <testcase classname="com.openweathermap.testcases.HomePageTest" name="widget" time="2.087"/>
</testsuite> <!-- HomePageTest -->
