<?xml version="1.0" encoding="UTF-8"?>
<!-- Generated by org.testng.reporters.JUnitXMLReporter -->
<testsuite hostname="mlinpu1502-0035.springernature.com" failures="0" tests="16" name="SearchTest" time="194.122" errors="0" timestamp="7 Mar 2019 06:00:54 GMT">
  <testcase classname="com.openweathermap.testcases.HomePageTest" name="Mapsclick" time="2.218"/>
  <testcase classname="com.openweathermap.testcases.HomePageTest" name="api" time="2.039"/>
  <testcase classname="com.openweathermap.testcases.HomePageTest" name="blog" time="0.151"/>
  <testcase classname="com.openweathermap.testcases.HomePageTest" name="guide" time="2.802"/>
  <testcase classname="com.openweathermap.testcases.HomePageTest" name="homepageTitleTest" time="0.011"/>
  <testcase classname="com.openweathermap.testcases.HomePageTest" name="homepagelogoTest" time="0.026"/>
  <testcase classname="com.openweathermap.testcases.HomePageTest" name="partners" time="2.865"/>
  <testcase classname="com.openweathermap.testcases.HomePageTest" name="price" time="3.231"/>
  <testcase classname="com.openweathermap.testcases.HomePageTest" name="searchclick" time="0.209"/>
  <testcase classname="com.openweathermap.testcases.HomePageTest" name="signinclicklink" time="1.786"/>
  <testcase classname="com.openweathermap.testcases.HomePageTest" name="signupclicklink" time="2.388"/>
  <testcase classname="com.openweathermap.testcases.HomePageTest" name="stations" time="3.049"/>
  <testcase classname="com.openweathermap.testcases.HomePageTest" name="weatherClick" time="3.218"/>
  <testcase classname="com.openweathermap.testcases.HomePageTest" name="widget" time="2.39"/>
  <testcase classname="com.openweathermap.testcases.SearchTest" name="entercityname" time="3.01"/>
  <testcase classname="com.openweathermap.testcases.SearchTest" name="invalidcitysearch" time="3.235"/>
</testsuite> <!-- SearchTest -->
