<?xml version="1.0" encoding="UTF-8"?>
<testng-results total="16" passed="16" failed="0" skipped="0">
  <reporter-output>
  </reporter-output>
  <suite started-at="2019-03-07T05:57:40Z" name="openweathermap" finished-at="2019-03-07T06:00:54Z" duration-ms="194122">
    <groups>
    </groups>
    <test started-at="2019-03-07T05:57:40Z" name="SearchTest" finished-at="2019-03-07T06:00:54Z" duration-ms="194122">
      <class name="com.openweathermap.testcases.HomePageTest">
        <test-method is-config="true" signature="setup()[pri:0, instance:com.openweathermap.testcases.HomePageTest@5e5d171f]" started-at="2019-03-07T11:27:40Z" name="setup" finished-at="2019-03-07T11:27:47Z" duration-ms="7423" status="PASS">
          <reporter-output>
          </reporter-output>
        </test-method> <!-- setup -->
        <test-method signature="Mapsclick()[pri:0, instance:com.openweathermap.testcases.HomePageTest@5e5d171f]" started-at="2019-03-07T11:27:47Z" name="Mapsclick" finished-at="2019-03-07T11:27:50Z" duration-ms="2218" status="PASS">
          <reporter-output>
          </reporter-output>
        </test-method> <!-- Mapsclick -->
        <test-method is-config="true" signature="tearDown()[pri:0, instance:com.openweathermap.testcases.HomePageTest@5e5d171f]" started-at="2019-03-07T11:27:50Z" name="tearDown" finished-at="2019-03-07T11:27:50Z" duration-ms="80" status="PASS">
          <reporter-output>
          </reporter-output>
        </test-method> <!-- tearDown -->
        <test-method is-config="true" signature="setup()[pri:0, instance:com.openweathermap.testcases.HomePageTest@5e5d171f]" started-at="2019-03-07T11:27:50Z" name="setup" finished-at="2019-03-07T11:27:59Z" duration-ms="9392" status="PASS">
          <reporter-output>
          </reporter-output>
        </test-method> <!-- setup -->
        <test-method signature="api()[pri:0, instance:com.openweathermap.testcases.HomePageTest@5e5d171f]" started-at="2019-03-07T11:27:59Z" name="api" finished-at="2019-03-07T11:28:01Z" duration-ms="2039" status="PASS">
          <reporter-output>
          </reporter-output>
        </test-method> <!-- api -->
        <test-method is-config="true" signature="tearDown()[pri:0, instance:com.openweathermap.testcases.HomePageTest@5e5d171f]" started-at="2019-03-07T11:28:01Z" name="tearDown" finished-at="2019-03-07T11:28:01Z" duration-ms="81" status="PASS">
          <reporter-output>
          </reporter-output>
        </test-method> <!-- tearDown -->
        <test-method is-config="true" signature="setup()[pri:0, instance:com.openweathermap.testcases.HomePageTest@5e5d171f]" started-at="2019-03-07T11:28:01Z" name="setup" finished-at="2019-03-07T11:28:11Z" duration-ms="9796" status="PASS">
          <reporter-output>
          </reporter-output>
        </test-method> <!-- setup -->
        <test-method signature="blog()[pri:0, instance:com.openweathermap.testcases.HomePageTest@5e5d171f]" started-at="2019-03-07T11:28:11Z" name="blog" finished-at="2019-03-07T11:28:11Z" duration-ms="151" status="PASS">
          <reporter-output>
          </reporter-output>
        </test-method> <!-- blog -->
        <test-method is-config="true" signature="tearDown()[pri:0, instance:com.openweathermap.testcases.HomePageTest@5e5d171f]" started-at="2019-03-07T11:28:11Z" name="tearDown" finished-at="2019-03-07T11:28:11Z" duration-ms="141" status="PASS">
          <reporter-output>
          </reporter-output>
        </test-method> <!-- tearDown -->
        <test-method is-config="true" signature="setup()[pri:0, instance:com.openweathermap.testcases.HomePageTest@5e5d171f]" started-at="2019-03-07T11:28:11Z" name="setup" finished-at="2019-03-07T11:28:20Z" duration-ms="8279" status="PASS">
          <reporter-output>
          </reporter-output>
        </test-method> <!-- setup -->
        <test-method signature="guide()[pri:0, instance:com.openweathermap.testcases.HomePageTest@5e5d171f]" started-at="2019-03-07T11:28:20Z" name="guide" finished-at="2019-03-07T11:28:22Z" duration-ms="2802" status="PASS">
          <reporter-output>
          </reporter-output>
        </test-method> <!-- guide -->
        <test-method is-config="true" signature="tearDown()[pri:0, instance:com.openweathermap.testcases.HomePageTest@5e5d171f]" started-at="2019-03-07T11:28:22Z" name="tearDown" finished-at="2019-03-07T11:28:23Z" duration-ms="76" status="PASS">
          <reporter-output>
          </reporter-output>
        </test-method> <!-- tearDown -->
        <test-method is-config="true" signature="setup()[pri:0, instance:com.openweathermap.testcases.HomePageTest@5e5d171f]" started-at="2019-03-07T11:28:23Z" name="setup" finished-at="2019-03-07T11:28:34Z" duration-ms="11841" status="PASS">
          <reporter-output>
          </reporter-output>
        </test-method> <!-- setup -->
        <test-method signature="homepageTitleTest()[pri:0, instance:com.openweathermap.testcases.HomePageTest@5e5d171f]" started-at="2019-03-07T11:28:34Z" name="homepageTitleTest" finished-at="2019-03-07T11:28:34Z" duration-ms="11" status="PASS">
          <reporter-output>
          </reporter-output>
        </test-method> <!-- homepageTitleTest -->
        <test-method is-config="true" signature="tearDown()[pri:0, instance:com.openweathermap.testcases.HomePageTest@5e5d171f]" started-at="2019-03-07T11:28:34Z" name="tearDown" finished-at="2019-03-07T11:28:34Z" duration-ms="77" status="PASS">
          <reporter-output>
          </reporter-output>
        </test-method> <!-- tearDown -->
        <test-method is-config="true" signature="setup()[pri:0, instance:com.openweathermap.testcases.HomePageTest@5e5d171f]" started-at="2019-03-07T11:28:34Z" name="setup" finished-at="2019-03-07T11:28:44Z" duration-ms="9873" status="PASS">
          <reporter-output>
          </reporter-output>
        </test-method> <!-- setup -->
        <test-method signature="homepagelogoTest()[pri:0, instance:com.openweathermap.testcases.HomePageTest@5e5d171f]" started-at="2019-03-07T11:28:44Z" name="homepagelogoTest" finished-at="2019-03-07T11:28:44Z" duration-ms="26" status="PASS">
          <reporter-output>
          </reporter-output>
        </test-method> <!-- homepagelogoTest -->
        <test-method is-config="true" signature="tearDown()[pri:0, instance:com.openweathermap.testcases.HomePageTest@5e5d171f]" started-at="2019-03-07T11:28:44Z" name="tearDown" finished-at="2019-03-07T11:28:44Z" duration-ms="77" status="PASS">
          <reporter-output>
          </reporter-output>
        </test-method> <!-- tearDown -->
        <test-method is-config="true" signature="setup()[pri:0, instance:com.openweathermap.testcases.HomePageTest@5e5d171f]" started-at="2019-03-07T11:28:44Z" name="setup" finished-at="2019-03-07T11:28:53Z" duration-ms="8272" status="PASS">
          <reporter-output>
          </reporter-output>
        </test-method> <!-- setup -->
        <test-method signature="partners()[pri:0, instance:com.openweathermap.testcases.HomePageTest@5e5d171f]" started-at="2019-03-07T11:28:53Z" name="partners" finished-at="2019-03-07T11:28:56Z" duration-ms="2865" status="PASS">
          <reporter-output>
          </reporter-output>
        </test-method> <!-- partners -->
        <test-method is-config="true" signature="tearDown()[pri:0, instance:com.openweathermap.testcases.HomePageTest@5e5d171f]" started-at="2019-03-07T11:28:56Z" name="tearDown" finished-at="2019-03-07T11:28:56Z" duration-ms="77" status="PASS">
          <reporter-output>
          </reporter-output>
        </test-method> <!-- tearDown -->
        <test-method is-config="true" signature="setup()[pri:0, instance:com.openweathermap.testcases.HomePageTest@5e5d171f]" started-at="2019-03-07T11:28:56Z" name="setup" finished-at="2019-03-07T11:29:08Z" duration-ms="12644" status="PASS">
          <reporter-output>
          </reporter-output>
        </test-method> <!-- setup -->
        <test-method signature="price()[pri:0, instance:com.openweathermap.testcases.HomePageTest@5e5d171f]" started-at="2019-03-07T11:29:08Z" name="price" finished-at="2019-03-07T11:29:12Z" duration-ms="3231" status="PASS">
          <reporter-output>
          </reporter-output>
        </test-method> <!-- price -->
        <test-method is-config="true" signature="tearDown()[pri:0, instance:com.openweathermap.testcases.HomePageTest@5e5d171f]" started-at="2019-03-07T11:29:12Z" name="tearDown" finished-at="2019-03-07T11:29:12Z" duration-ms="77" status="PASS">
          <reporter-output>
          </reporter-output>
        </test-method> <!-- tearDown -->
        <test-method is-config="true" signature="setup()[pri:0, instance:com.openweathermap.testcases.HomePageTest@5e5d171f]" started-at="2019-03-07T11:29:12Z" name="setup" finished-at="2019-03-07T11:29:21Z" duration-ms="9447" status="PASS">
          <reporter-output>
          </reporter-output>
        </test-method> <!-- setup -->
        <test-method signature="searchclick()[pri:0, instance:com.openweathermap.testcases.HomePageTest@5e5d171f]" started-at="2019-03-07T11:29:21Z" name="searchclick" finished-at="2019-03-07T11:29:21Z" duration-ms="209" status="PASS">
          <reporter-output>
          </reporter-output>
        </test-method> <!-- searchclick -->
        <test-method is-config="true" signature="tearDown()[pri:0, instance:com.openweathermap.testcases.HomePageTest@5e5d171f]" started-at="2019-03-07T11:29:21Z" name="tearDown" finished-at="2019-03-07T11:29:21Z" duration-ms="79" status="PASS">
          <reporter-output>
          </reporter-output>
        </test-method> <!-- tearDown -->
        <test-method is-config="true" signature="setup()[pri:0, instance:com.openweathermap.testcases.HomePageTest@5e5d171f]" started-at="2019-03-07T11:29:21Z" name="setup" finished-at="2019-03-07T11:29:30Z" duration-ms="9017" status="PASS">
          <reporter-output>
          </reporter-output>
        </test-method> <!-- setup -->
        <test-method signature="signinclicklink()[pri:0, instance:com.openweathermap.testcases.HomePageTest@5e5d171f]" started-at="2019-03-07T11:29:30Z" name="signinclicklink" finished-at="2019-03-07T11:29:32Z" duration-ms="1786" status="PASS">
          <reporter-output>
          </reporter-output>
        </test-method> <!-- signinclicklink -->
        <test-method is-config="true" signature="tearDown()[pri:0, instance:com.openweathermap.testcases.HomePageTest@5e5d171f]" started-at="2019-03-07T11:29:32Z" name="tearDown" finished-at="2019-03-07T11:29:32Z" duration-ms="78" status="PASS">
          <reporter-output>
          </reporter-output>
        </test-method> <!-- tearDown -->
        <test-method is-config="true" signature="setup()[pri:0, instance:com.openweathermap.testcases.HomePageTest@5e5d171f]" started-at="2019-03-07T11:29:32Z" name="setup" finished-at="2019-03-07T11:29:41Z" duration-ms="9198" status="PASS">
          <reporter-output>
          </reporter-output>
        </test-method> <!-- setup -->
        <test-method signature="signupclicklink()[pri:0, instance:com.openweathermap.testcases.HomePageTest@5e5d171f]" started-at="2019-03-07T11:29:41Z" name="signupclicklink" finished-at="2019-03-07T11:29:44Z" duration-ms="2388" status="PASS">
          <reporter-output>
          </reporter-output>
        </test-method> <!-- signupclicklink -->
        <test-method is-config="true" signature="tearDown()[pri:0, instance:com.openweathermap.testcases.HomePageTest@5e5d171f]" started-at="2019-03-07T11:29:44Z" name="tearDown" finished-at="2019-03-07T11:29:44Z" duration-ms="80" status="PASS">
          <reporter-output>
          </reporter-output>
        </test-method> <!-- tearDown -->
        <test-method is-config="true" signature="setup()[pri:0, instance:com.openweathermap.testcases.HomePageTest@5e5d171f]" started-at="2019-03-07T11:29:44Z" name="setup" finished-at="2019-03-07T11:29:54Z" duration-ms="9649" status="PASS">
          <reporter-output>
          </reporter-output>
        </test-method> <!-- setup -->
        <test-method signature="stations()[pri:0, instance:com.openweathermap.testcases.HomePageTest@5e5d171f]" started-at="2019-03-07T11:29:54Z" name="stations" finished-at="2019-03-07T11:29:57Z" duration-ms="3049" status="PASS">
          <reporter-output>
          </reporter-output>
        </test-method> <!-- stations -->
        <test-method is-config="true" signature="tearDown()[pri:0, instance:com.openweathermap.testcases.HomePageTest@5e5d171f]" started-at="2019-03-07T11:29:57Z" name="tearDown" finished-at="2019-03-07T11:29:57Z" duration-ms="79" status="PASS">
          <reporter-output>
          </reporter-output>
        </test-method> <!-- tearDown -->
        <test-method is-config="true" signature="setup()[pri:0, instance:com.openweathermap.testcases.HomePageTest@5e5d171f]" started-at="2019-03-07T11:29:57Z" name="setup" finished-at="2019-03-07T11:30:05Z" duration-ms="8147" status="PASS">
          <reporter-output>
          </reporter-output>
        </test-method> <!-- setup -->
        <test-method signature="weatherClick()[pri:0, instance:com.openweathermap.testcases.HomePageTest@5e5d171f]" started-at="2019-03-07T11:30:05Z" name="weatherClick" finished-at="2019-03-07T11:30:08Z" duration-ms="3218" status="PASS">
          <reporter-output>
          </reporter-output>
        </test-method> <!-- weatherClick -->
        <test-method is-config="true" signature="tearDown()[pri:0, instance:com.openweathermap.testcases.HomePageTest@5e5d171f]" started-at="2019-03-07T11:30:08Z" name="tearDown" finished-at="2019-03-07T11:30:08Z" duration-ms="78" status="PASS">
          <reporter-output>
          </reporter-output>
        </test-method> <!-- tearDown -->
        <test-method is-config="true" signature="setup()[pri:0, instance:com.openweathermap.testcases.HomePageTest@5e5d171f]" started-at="2019-03-07T11:30:08Z" name="setup" finished-at="2019-03-07T11:30:20Z" duration-ms="11629" status="PASS">
          <reporter-output>
          </reporter-output>
        </test-method> <!-- setup -->
        <test-method signature="widget()[pri:0, instance:com.openweathermap.testcases.HomePageTest@5e5d171f]" started-at="2019-03-07T11:30:20Z" name="widget" finished-at="2019-03-07T11:30:22Z" duration-ms="2390" status="PASS">
          <reporter-output>
          </reporter-output>
        </test-method> <!-- widget -->
        <test-method is-config="true" signature="tearDown()[pri:0, instance:com.openweathermap.testcases.HomePageTest@5e5d171f]" started-at="2019-03-07T11:30:22Z" name="tearDown" finished-at="2019-03-07T11:30:22Z" duration-ms="78" status="PASS">
          <reporter-output>
          </reporter-output>
        </test-method> <!-- tearDown -->
      </class> <!-- com.openweathermap.testcases.HomePageTest -->
      <class name="com.openweathermap.testcases.SearchTest">
        <test-method is-config="true" signature="setup()[pri:0, instance:com.openweathermap.testcases.SearchTest@3a52dba3]" started-at="2019-03-07T11:30:22Z" name="setup" finished-at="2019-03-07T11:30:31Z" duration-ms="8805" status="PASS">
          <reporter-output>
          </reporter-output>
        </test-method> <!-- setup -->
        <test-method signature="entercityname()[pri:0, instance:com.openweathermap.testcases.SearchTest@3a52dba3]" started-at="2019-03-07T11:30:31Z" name="entercityname" finished-at="2019-03-07T11:30:34Z" duration-ms="3010" status="PASS">
          <reporter-output>
          </reporter-output>
        </test-method> <!-- entercityname -->
        <test-method is-config="true" signature="tearDown()[pri:0, instance:com.openweathermap.testcases.SearchTest@3a52dba3]" started-at="2019-03-07T11:30:34Z" name="tearDown" finished-at="2019-03-07T11:30:34Z" duration-ms="79" status="PASS">
          <reporter-output>
          </reporter-output>
        </test-method> <!-- tearDown -->
        <test-method is-config="true" signature="setup()[pri:0, instance:com.openweathermap.testcases.SearchTest@3a52dba3]" started-at="2019-03-07T11:30:34Z" name="setup" finished-at="2019-03-07T11:30:51Z" duration-ms="16734" status="PASS">
          <reporter-output>
          </reporter-output>
        </test-method> <!-- setup -->
        <test-method signature="invalidcitysearch()[pri:0, instance:com.openweathermap.testcases.SearchTest@3a52dba3]" started-at="2019-03-07T11:30:51Z" name="invalidcitysearch" finished-at="2019-03-07T11:30:54Z" duration-ms="3235" status="PASS">
          <reporter-output>
          </reporter-output>
        </test-method> <!-- invalidcitysearch -->
        <test-method is-config="true" signature="tearDown()[pri:0, instance:com.openweathermap.testcases.SearchTest@3a52dba3]" started-at="2019-03-07T11:30:54Z" name="tearDown" finished-at="2019-03-07T11:30:54Z" duration-ms="77" status="PASS">
          <reporter-output>
          </reporter-output>
        </test-method> <!-- tearDown -->
      </class> <!-- com.openweathermap.testcases.SearchTest -->
    </test> <!-- SearchTest -->
  </suite> <!-- openweathermap -->
</testng-results>
