<?xml version="1.0" encoding="UTF-8"?>
<testng-results total="2" passed="2" failed="0" skipped="0">
  <reporter-output>
  </reporter-output>
  <suite started-at="2019-03-07T05:20:14Z" name="openweathermap" finished-at="2019-03-07T05:20:34Z" duration-ms="19844">
    <groups>
    </groups>
    <test started-at="2019-03-07T05:20:14Z" name="SearchTest" finished-at="2019-03-07T05:20:34Z" duration-ms="19844">
      <class name="com.openweathermap.testcases.SearchTest">
        <test-method is-config="true" signature="setup()[pri:0, instance:com.openweathermap.testcases.SearchTest@26794848]" started-at="2019-03-07T10:50:14Z" name="setup" finished-at="2019-03-07T10:50:20Z" duration-ms="5817" status="PASS">
          <reporter-output>
          </reporter-output>
        </test-method> <!-- setup -->
        <test-method signature="entercityname()[pri:0, instance:com.openweathermap.testcases.SearchTest@26794848]" started-at="2019-03-07T10:50:20Z" name="entercityname" finished-at="2019-03-07T10:50:23Z" duration-ms="3132" status="PASS">
          <reporter-output>
          </reporter-output>
        </test-method> <!-- entercityname -->
        <test-method is-config="true" signature="tearDown()[pri:0, instance:com.openweathermap.testcases.SearchTest@26794848]" started-at="2019-03-07T10:50:23Z" name="tearDown" finished-at="2019-03-07T10:50:23Z" duration-ms="82" status="PASS">
          <reporter-output>
          </reporter-output>
        </test-method> <!-- tearDown -->
        <test-method is-config="true" signature="setup()[pri:0, instance:com.openweathermap.testcases.SearchTest@26794848]" started-at="2019-03-07T10:50:23Z" name="setup" finished-at="2019-03-07T10:50:31Z" duration-ms="7717" status="PASS">
          <reporter-output>
          </reporter-output>
        </test-method> <!-- setup -->
        <test-method signature="invalidcitysearch()[pri:0, instance:com.openweathermap.testcases.SearchTest@26794848]" started-at="2019-03-07T10:50:31Z" name="invalidcitysearch" finished-at="2019-03-07T10:50:34Z" duration-ms="3000" status="PASS">
          <reporter-output>
          </reporter-output>
        </test-method> <!-- invalidcitysearch -->
        <test-method is-config="true" signature="tearDown()[pri:0, instance:com.openweathermap.testcases.SearchTest@26794848]" started-at="2019-03-07T10:50:34Z" name="tearDown" finished-at="2019-03-07T10:50:34Z" duration-ms="80" status="PASS">
          <reporter-output>
          </reporter-output>
        </test-method> <!-- tearDown -->
      </class> <!-- com.openweathermap.testcases.SearchTest -->
    </test> <!-- SearchTest -->
  </suite> <!-- openweathermap -->
</testng-results>
